<?xml version="1.0" encoding="UTF-8"?>
<testsuite name="ParcelTest" tests="2" skipped="0" failures="0" errors="0" timestamp="2016-02-16T00:09:52" hostname="epicodus-65.local" time="0.0">
  <properties/>
  <testcase name="newParcel_VolumeLxWxH_8" classname="ParcelTest" time="0.0"/>
  <testcase name="newParcel_costToShip_10" classname="ParcelTest" time="0.0"/>
  <system-out><![CDATA[]]></system-out>
  <system-err><![CDATA[]]></system-err>
</testsuite>
